<?xml version="1.0" encoding="UTF-8"?>
<!-- Generated by org.testng.reporters.JUnitXMLReporter -->
<testsuite hostname="LAPTOP-TRA04FSP" ignored="0" name="Test" tests="1" failures="1" timestamp="19 Jan 2020 13:21:57 GMT" time="7.827" errors="0">
  <testcase name="loginApp" time="0.022" classname="com.testcases.LoginTestCrm">
    <failure type="java.lang.NullPointerException">
      <![CDATA[java.lang.NullPointerException
	at com.utility.ExcelData.getStringData(ExcelData.java:33)
	at com.testcases.LoginTestCrm.loginApp(LoginTestCrm.java:28)
... Removed 25 stack frames]]>
    </failure>
  </testcase> <!-- loginApp -->
</testsuite> <!-- Test -->
